<?xml version="1.0" encoding="UTF-8"?>
<testsuite xmlns:xsi="http://www.w3.org/2001/XMLSchema-instance" xsi:noNamespaceSchemaLocation="https://maven.apache.org/surefire/maven-surefire-plugin/xsd/surefire-test-report-3.0.xsd" version="3.0" name="com.kursor.studio.service.DatabaseInspectorServiceTest" time="0.037" tests="7" errors="0" skipped="0" failures="0">
  <properties>
[...]
</properties>
  <testcase name="testIntegracionCompleta" classname="com.kursor.studio.service.DatabaseInspectorServiceTest" time="0.015"/>
  <testcase name="testInformacionTablas" classname="com.kursor.studio.service.DatabaseInspectorServiceTest" time="0.002"/>
  <testcase name="testImportacionEntidadesJPA" classname="com.kursor.studio.service.DatabaseInspectorServiceTest" time="0.002"/>
  <testcase name="testMetricasDashboard" classname="com.kursor.studio.service.DatabaseInspectorServiceTest" time="0.002"/>
  <testcase name="testValidacionEntidades" classname="com.kursor.studio.service.DatabaseInspectorServiceTest" time="0.003"/>
  <testcase name="testPaqueteEntidades" classname="com.kursor.studio.service.DatabaseInspectorServiceTest" time="0.002"/>
  <testcase name="testEntidadesEspecificas" classname="com.kursor.studio.service.DatabaseInspectorServiceTest" time="0.003"/>
</testsuite>