[2025-06-27 14:18:26.515] [INFO ] TestLogger - ‚ÑπÔ∏è Mensaje INFO de prueba
[2025-06-27 14:18:26.519] [WARN ] TestLogger - ‚ö†Ô∏è Mensaje WARN de prueba
[2025-06-27 14:18:26.519] [ERROR] TestLogger - ‚ùå Mensaje ERROR de prueba
[2025-06-27 14:18:26.522] [INFO ] IntegrationTest - üöÄ Iniciando test de integraci√≥n de logging
[2025-06-27 14:18:26.522] [INFO ] IntegrationTest - üìä Cargando 5 tablas del esquema
[2025-06-27 14:18:26.524] [WARN ] IntegrationTest - ‚ö†Ô∏è Tabla 'test' no encontrada, creando...
[2025-06-27 14:18:26.524] [INFO ] IntegrationTest - ‚úÖ Test de integraci√≥n completado exitosamente
[2025-06-27 14:18:26.527] [ERROR] ExceptionTest - ‚ùå Error durante la operaci√≥n
java.lang.RuntimeException: Excepci√≥n de prueba
	at com.kursor.studio.logging.LoggingConfigurationTest.testExceptionLogging(LoggingConfigurationTest.java:104)
	at java.base/jdk.internal.reflect.DirectMethodHandleAccessor.invoke(DirectMethodHandleAccessor.java:104)
	at java.base/java.lang.reflect.Method.invoke(Method.java:565)
	at org.junit.platform.commons.util.ReflectionUtils.invokeMethod(ReflectionUtils.java:728)
	at org.junit.jupiter.engine.execution.MethodInvocation.proceed(MethodInvocation.java:60)
	at org.junit.jupiter.engine.execution.InvocationInterceptorChain$ValidatingInvocation.proceed(InvocationInterceptorChain.java:131)
	at org.junit.jupiter.engine.extension.TimeoutExtension.intercept(TimeoutExtension.java:156)
	at org.junit.jupiter.engine.extension.TimeoutExtension.interceptTestableMethod(TimeoutExtension.java:147)
	at org.junit.jupiter.engine.extension.TimeoutExtension.interceptTestMethod(TimeoutExtension.java:86)
	at org.junit.jupiter.engine.execution.InterceptingExecutableInvoker$ReflectiveInterceptorCall.lambda$ofVoidMethod$0(InterceptingExecutableInvoker.java:103)
	at org.junit.jupiter.engine.execution.InterceptingExecutableInvoker.lambda$invoke$0(InterceptingExecutableInvoker.java:93)
	at org.junit.jupiter.engine.execution.InvocationInterceptorChain$InterceptedInvocation.proceed(InvocationInterceptorChain.java:106)
	at org.junit.jupiter.engine.execution.InvocationInterceptorChain.proceed(InvocationInterceptorChain.java:64)
	at org.junit.jupiter.engine.execution.InvocationInterceptorChain.chainAndInvoke(InvocationInterceptorChain.java:45)
	at org.junit.jupiter.engine.execution.InvocationInterceptorChain.invoke(InvocationInterceptorChain.java:37)
	at org.junit.jupiter.engine.execution.InterceptingExecutableInvoker.invoke(InterceptingExecutableInvoker.java:92)
	at org.junit.jupiter.engine.execution.InterceptingExecutableInvoker.invoke(InterceptingExecutableInvoker.java:86)
	at org.junit.jupiter.engine.descriptor.TestMethodTestDescriptor.lambda$invokeTestMethod$7(TestMethodTestDescriptor.java:218)
	at org.junit.platform.engine.support.hierarchical.ThrowableCollector.execute(ThrowableCollector.java:73)
	at org.junit.jupiter.engine.descriptor.TestMethodTestDescriptor.invokeTestMethod(TestMethodTestDescriptor.java:214)
	at org.junit.jupiter.engine.descriptor.TestMethodTestDescriptor.execute(TestMethodTestDescriptor.java:139)
	at org.junit.jupiter.engine.descriptor.TestMethodTestDescriptor.execute(TestMethodTestDescriptor.java:69)
	at org.junit.platform.engine.support.hierarchical.NodeTestTask.lambda$executeRecursively$6(NodeTestTask.java:151)
	at org.junit.platform.engine.support.hierarchical.ThrowableCollector.execute(ThrowableCollector.java:73)
	at org.junit.platform.engine.support.hierarchical.NodeTestTask.lambda$executeRecursively$8(NodeTestTask.java:141)
	at org.junit.platform.engine.support.hierarchical.Node.around(Node.java:137)
	at org.junit.platform.engine.support.hierarchical.NodeTestTask.lambda$executeRecursively$9(NodeTestTask.java:139)
	at org.junit.platform.engine.support.hierarchical.ThrowableCollector.execute(ThrowableCollector.java:73)
	at org.junit.platform.engine.support.hierarchical.NodeTestTask.executeRecursively(NodeTestTask.java:138)
	at org.junit.platform.engine.support.hierarchical.NodeTestTask.execute(NodeTestTask.java:95)
	at java.base/java.util.ArrayList.forEach(ArrayList.java:1604)
	at org.junit.platform.engine.support.hierarchical.SameThreadHierarchicalTestExecutorService.invokeAll(SameThreadHierarchicalTestExecutorService.java:41)
	at org.junit.platform.engine.support.hierarchical.NodeTestTask.lambda$executeRecursively$6(NodeTestTask.java:155)
	at org.junit.platform.engine.support.hierarchical.ThrowableCollector.execute(ThrowableCollector.java:73)
	at org.junit.platform.engine.support.hierarchical.NodeTestTask.lambda$executeRecursively$8(NodeTestTask.java:141)
	at org.junit.platform.engine.support.hierarchical.Node.around(Node.java:137)
	at org.junit.platform.engine.support.hierarchical.NodeTestTask.lambda$executeRecursively$9(NodeTestTask.java:139)
	at org.junit.platform.engine.support.hierarchical.ThrowableCollector.execute(ThrowableCollector.java:73)
	at org.junit.platform.engine.support.hierarchical.NodeTestTask.executeRecursively(NodeTestTask.java:138)
	at org.junit.platform.engine.support.hierarchical.NodeTestTask.execute(NodeTestTask.java:95)
	at java.base/java.util.ArrayList.forEach(ArrayList.java:1604)
	at org.junit.platform.engine.support.hierarchical.SameThreadHierarchicalTestExecutorService.invokeAll(SameThreadHierarchicalTestExecutorService.java:41)
	at org.junit.platform.engine.support.hierarchical.NodeTestTask.lambda$executeRecursively$6(NodeTestTask.java:155)
	at org.junit.platform.engine.support.hierarchical.ThrowableCollector.execute(ThrowableCollector.java:73)
	at org.junit.platform.engine.support.hierarchical.NodeTestTask.lambda$executeRecursively$8(NodeTestTask.java:141)
	at org.junit.platform.engine.support.hierarchical.Node.around(Node.java:137)
	at org.junit.platform.engine.support.hierarchical.NodeTestTask.lambda$executeRecursively$9(NodeTestTask.java:139)
	at org.junit.platform.engine.support.hierarchical.ThrowableCollector.execute(ThrowableCollector.java:73)
	at org.junit.platform.engine.support.hierarchical.NodeTestTask.executeRecursively(NodeTestTask.java:138)
	at org.junit.platform.engine.support.hierarchical.NodeTestTask.execute(NodeTestTask.java:95)
	at org.junit.platform.engine.support.hierarchical.SameThreadHierarchicalTestExecutorService.submit(SameThreadHierarchicalTestExecutorService.java:35)
	at org.junit.platform.engine.support.hierarchical.HierarchicalTestExecutor.execute(HierarchicalTestExecutor.java:57)
	at org.junit.platform.engine.support.hierarchical.HierarchicalTestEngine.execute(HierarchicalTestEngine.java:54)
	at org.junit.platform.launcher.core.EngineExecutionOrchestrator.execute(EngineExecutionOrchestrator.java:198)
	at org.junit.platform.launcher.core.EngineExecutionOrchestrator.execute(EngineExecutionOrchestrator.java:169)
	at org.junit.platform.launcher.core.EngineExecutionOrchestrator.execute(EngineExecutionOrchestrator.java:93)
	at org.junit.platform.launcher.core.EngineExecutionOrchestrator.lambda$execute$0(EngineExecutionOrchestrator.java:58)
	at org.junit.platform.launcher.core.EngineExecutionOrchestrator.withInterceptedStreams(EngineExecutionOrchestrator.java:141)
	at org.junit.platform.launcher.core.EngineExecutionOrchestrator.execute(EngineExecutionOrchestrator.java:57)
	at org.junit.platform.launcher.core.DefaultLauncher.execute(DefaultLauncher.java:103)
	at org.junit.platform.launcher.core.DefaultLauncher.execute(DefaultLauncher.java:85)
	at org.junit.platform.launcher.core.DelegatingLauncher.execute(DelegatingLauncher.java:47)
	at org.apache.maven.surefire.junitplatform.LazyLauncher.execute(LazyLauncher.java:56)
	at org.apache.maven.surefire.junitplatform.JUnitPlatformProvider.execute(JUnitPlatformProvider.java:184)
	at org.apache.maven.surefire.junitplatform.JUnitPlatformProvider.invokeAllTests(JUnitPlatformProvider.java:148)
	at org.apache.maven.surefire.junitplatform.JUnitPlatformProvider.invoke(JUnitPlatformProvider.java:122)
	at org.apache.maven.surefire.booter.ForkedBooter.runSuitesInProcess(ForkedBooter.java:385)
	at org.apache.maven.surefire.booter.ForkedBooter.execute(ForkedBooter.java:162)
	at org.apache.maven.surefire.booter.ForkedBooter.run(ForkedBooter.java:507)
	at org.apache.maven.surefire.booter.ForkedBooter.main(ForkedBooter.java:495)
[2025-06-27 14:18:26.529] [WARN ] ExceptionTest - ‚ö†Ô∏è Advertencia con excepci√≥n
java.lang.RuntimeException: Excepci√≥n de prueba
	at com.kursor.studio.logging.LoggingConfigurationTest.testExceptionLogging(LoggingConfigurationTest.java:104)
	at java.base/jdk.internal.reflect.DirectMethodHandleAccessor.invoke(DirectMethodHandleAccessor.java:104)
	at java.base/java.lang.reflect.Method.invoke(Method.java:565)
	at org.junit.platform.commons.util.ReflectionUtils.invokeMethod(ReflectionUtils.java:728)
	at org.junit.jupiter.engine.execution.MethodInvocation.proceed(MethodInvocation.java:60)
	at org.junit.jupiter.engine.execution.InvocationInterceptorChain$ValidatingInvocation.proceed(InvocationInterceptorChain.java:131)
	at org.junit.jupiter.engine.extension.TimeoutExtension.intercept(TimeoutExtension.java:156)
	at org.junit.jupiter.engine.extension.TimeoutExtension.interceptTestableMethod(TimeoutExtension.java:147)
	at org.junit.jupiter.engine.extension.TimeoutExtension.interceptTestMethod(TimeoutExtension.java:86)
	at org.junit.jupiter.engine.execution.InterceptingExecutableInvoker$ReflectiveInterceptorCall.lambda$ofVoidMethod$0(InterceptingExecutableInvoker.java:103)
	at org.junit.jupiter.engine.execution.InterceptingExecutableInvoker.lambda$invoke$0(InterceptingExecutableInvoker.java:93)
	at org.junit.jupiter.engine.execution.InvocationInterceptorChain$InterceptedInvocation.proceed(InvocationInterceptorChain.java:106)
	at org.junit.jupiter.engine.execution.InvocationInterceptorChain.proceed(InvocationInterceptorChain.java:64)
	at org.junit.jupiter.engine.execution.InvocationInterceptorChain.chainAndInvoke(InvocationInterceptorChain.java:45)
	at org.junit.jupiter.engine.execution.InvocationInterceptorChain.invoke(InvocationInterceptorChain.java:37)
	at org.junit.jupiter.engine.execution.InterceptingExecutableInvoker.invoke(InterceptingExecutableInvoker.java:92)
	at org.junit.jupiter.engine.execution.InterceptingExecutableInvoker.invoke(InterceptingExecutableInvoker.java:86)
	at org.junit.jupiter.engine.descriptor.TestMethodTestDescriptor.lambda$invokeTestMethod$7(TestMethodTestDescriptor.java:218)
	at org.junit.platform.engine.support.hierarchical.ThrowableCollector.execute(ThrowableCollector.java:73)
	at org.junit.jupiter.engine.descriptor.TestMethodTestDescriptor.invokeTestMethod(TestMethodTestDescriptor.java:214)
	at org.junit.jupiter.engine.descriptor.TestMethodTestDescriptor.execute(TestMethodTestDescriptor.java:139)
	at org.junit.jupiter.engine.descriptor.TestMethodTestDescriptor.execute(TestMethodTestDescriptor.java:69)
	at org.junit.platform.engine.support.hierarchical.NodeTestTask.lambda$executeRecursively$6(NodeTestTask.java:151)
	at org.junit.platform.engine.support.hierarchical.ThrowableCollector.execute(ThrowableCollector.java:73)
	at org.junit.platform.engine.support.hierarchical.NodeTestTask.lambda$executeRecursively$8(NodeTestTask.java:141)
	at org.junit.platform.engine.support.hierarchical.Node.around(Node.java:137)
	at org.junit.platform.engine.support.hierarchical.NodeTestTask.lambda$executeRecursively$9(NodeTestTask.java:139)
	at org.junit.platform.engine.support.hierarchical.ThrowableCollector.execute(ThrowableCollector.java:73)
	at org.junit.platform.engine.support.hierarchical.NodeTestTask.executeRecursively(NodeTestTask.java:138)
	at org.junit.platform.engine.support.hierarchical.NodeTestTask.execute(NodeTestTask.java:95)
	at java.base/java.util.ArrayList.forEach(ArrayList.java:1604)
	at org.junit.platform.engine.support.hierarchical.SameThreadHierarchicalTestExecutorService.invokeAll(SameThreadHierarchicalTestExecutorService.java:41)
	at org.junit.platform.engine.support.hierarchical.NodeTestTask.lambda$executeRecursively$6(NodeTestTask.java:155)
	at org.junit.platform.engine.support.hierarchical.ThrowableCollector.execute(ThrowableCollector.java:73)
	at org.junit.platform.engine.support.hierarchical.NodeTestTask.lambda$executeRecursively$8(NodeTestTask.java:141)
	at org.junit.platform.engine.support.hierarchical.Node.around(Node.java:137)
	at org.junit.platform.engine.support.hierarchical.NodeTestTask.lambda$executeRecursively$9(NodeTestTask.java:139)
	at org.junit.platform.engine.support.hierarchical.ThrowableCollector.execute(ThrowableCollector.java:73)
	at org.junit.platform.engine.support.hierarchical.NodeTestTask.executeRecursively(NodeTestTask.java:138)
	at org.junit.platform.engine.support.hierarchical.NodeTestTask.execute(NodeTestTask.java:95)
	at java.base/java.util.ArrayList.forEach(ArrayList.java:1604)
	at org.junit.platform.engine.support.hierarchical.SameThreadHierarchicalTestExecutorService.invokeAll(SameThreadHierarchicalTestExecutorService.java:41)
	at org.junit.platform.engine.support.hierarchical.NodeTestTask.lambda$executeRecursively$6(NodeTestTask.java:155)
	at org.junit.platform.engine.support.hierarchical.ThrowableCollector.execute(ThrowableCollector.java:73)
	at org.junit.platform.engine.support.hierarchical.NodeTestTask.lambda$executeRecursively$8(NodeTestTask.java:141)
	at org.junit.platform.engine.support.hierarchical.Node.around(Node.java:137)
	at org.junit.platform.engine.support.hierarchical.NodeTestTask.lambda$executeRecursively$9(NodeTestTask.java:139)
	at org.junit.platform.engine.support.hierarchical.ThrowableCollector.execute(ThrowableCollector.java:73)
	at org.junit.platform.engine.support.hierarchical.NodeTestTask.executeRecursively(NodeTestTask.java:138)
	at org.junit.platform.engine.support.hierarchical.NodeTestTask.execute(NodeTestTask.java:95)
	at org.junit.platform.engine.support.hierarchical.SameThreadHierarchicalTestExecutorService.submit(SameThreadHierarchicalTestExecutorService.java:35)
	at org.junit.platform.engine.support.hierarchical.HierarchicalTestExecutor.execute(HierarchicalTestExecutor.java:57)
	at org.junit.platform.engine.support.hierarchical.HierarchicalTestEngine.execute(HierarchicalTestEngine.java:54)
	at org.junit.platform.launcher.core.EngineExecutionOrchestrator.execute(EngineExecutionOrchestrator.java:198)
	at org.junit.platform.launcher.core.EngineExecutionOrchestrator.execute(EngineExecutionOrchestrator.java:169)
	at org.junit.platform.launcher.core.EngineExecutionOrchestrator.execute(EngineExecutionOrchestrator.java:93)
	at org.junit.platform.launcher.core.EngineExecutionOrchestrator.lambda$execute$0(EngineExecutionOrchestrator.java:58)
	at org.junit.platform.launcher.core.EngineExecutionOrchestrator.withInterceptedStreams(EngineExecutionOrchestrator.java:141)
	at org.junit.platform.launcher.core.EngineExecutionOrchestrator.execute(EngineExecutionOrchestrator.java:57)
	at org.junit.platform.launcher.core.DefaultLauncher.execute(DefaultLauncher.java:103)
	at org.junit.platform.launcher.core.DefaultLauncher.execute(DefaultLauncher.java:85)
	at org.junit.platform.launcher.core.DelegatingLauncher.execute(DelegatingLauncher.java:47)
	at org.apache.maven.surefire.junitplatform.LazyLauncher.execute(LazyLauncher.java:56)
	at org.apache.maven.surefire.junitplatform.JUnitPlatformProvider.execute(JUnitPlatformProvider.java:184)
	at org.apache.maven.surefire.junitplatform.JUnitPlatformProvider.invokeAllTests(JUnitPlatformProvider.java:148)
	at org.apache.maven.surefire.junitplatform.JUnitPlatformProvider.invoke(JUnitPlatformProvider.java:122)
	at org.apache.maven.surefire.booter.ForkedBooter.runSuitesInProcess(ForkedBooter.java:385)
	at org.apache.maven.surefire.booter.ForkedBooter.execute(ForkedBooter.java:162)
	at org.apache.maven.surefire.booter.ForkedBooter.run(ForkedBooter.java:507)
	at org.apache.maven.surefire.booter.ForkedBooter.main(ForkedBooter.java:495)
[2025-06-27 14:18:26.532] [INFO ] ParameterizedTest - üìä Procesando 100 registros de la tabla sesion
[2025-06-27 14:18:26.533] [WARN ] ParameterizedTest - ‚ö†Ô∏è Advertencia: 50 elementos procesados en 1500 ms
[2025-06-27 14:18:26.548] [INFO ] c.k.s.s.DatabaseInspectorServiceTest - üß™ Inicializando test para DatabaseInspectorService
[2025-06-27 14:18:26.550] [INFO ] c.k.s.s.DatabaseInspectorService - üîç Inicializando DatabaseInspectorService
[2025-06-27 14:18:26.550] [INFO ] c.k.s.s.DatabaseInspectorServiceTest - üîÑ Test de integraci√≥n: Flujo completo del servicio
[2025-06-27 14:18:26.551] [INFO ] c.k.s.s.DatabaseInspectorService - üîß Iniciando validaci√≥n de entidades JPA
[2025-06-27 14:18:26.557] [WARN ] c.k.s.s.DatabaseInspectorService -    ‚ö†Ô∏è Anotaci√≥n @Entity no encontrada en EstadoSesion
[2025-06-27 14:18:26.557] [INFO ] c.k.s.s.DatabaseInspectorService - ‚úÖ Validaci√≥n completada - Todas las entidades est√°n correctamente importadas
[2025-06-27 14:18:26.557] [INFO ] c.k.s.s.DatabaseInspectorService - üìã Generando informaci√≥n de tablas de base de datos
[2025-06-27 14:18:26.559] [INFO ] c.k.s.s.DatabaseInspectorService - ‚úÖ Informaci√≥n de tablas generada exitosamente
[2025-06-27 14:18:26.559] [INFO ] c.k.s.s.DatabaseInspectorService - üìä Generando m√©tricas para dashboard
[2025-06-27 14:18:26.560] [INFO ] c.k.s.s.DatabaseInspectorService - ‚úÖ M√©tricas generadas: 5 entidades, 1247 sesiones
[2025-06-27 14:18:26.560] [INFO ] c.k.s.s.DatabaseInspectorServiceTest - ‚úÖ Test de integraci√≥n pasado: Flujo completo funciona correctamente
[2025-06-27 14:18:26.563] [INFO ] c.k.s.s.DatabaseInspectorServiceTest - üß™ Inicializando test para DatabaseInspectorService
[2025-06-27 14:18:26.563] [INFO ] c.k.s.s.DatabaseInspectorService - üîç Inicializando DatabaseInspectorService
[2025-06-27 14:18:26.563] [INFO ] c.k.s.s.DatabaseInspectorServiceTest - üìã Test: Verificar generaci√≥n de informaci√≥n de tablas
[2025-06-27 14:18:26.563] [INFO ] c.k.s.s.DatabaseInspectorService - üìã Generando informaci√≥n de tablas de base de datos
[2025-06-27 14:18:26.564] [INFO ] c.k.s.s.DatabaseInspectorService - ‚úÖ Informaci√≥n de tablas generada exitosamente
[2025-06-27 14:18:26.564] [INFO ] c.k.s.s.DatabaseInspectorServiceTest - ‚úÖ Test pasado: Informaci√≥n de tablas generada correctamente
[2025-06-27 14:18:26.567] [INFO ] c.k.s.s.DatabaseInspectorServiceTest - üß™ Inicializando test para DatabaseInspectorService
[2025-06-27 14:18:26.567] [INFO ] c.k.s.s.DatabaseInspectorService - üîç Inicializando DatabaseInspectorService
[2025-06-27 14:18:26.567] [INFO ] c.k.s.s.DatabaseInspectorServiceTest - üîç Test: Verificar importaci√≥n de entidades JPA desde kursor-core
[2025-06-27 14:18:26.567] [INFO ] c.k.s.s.DatabaseInspectorServiceTest - ‚úÖ Test pasado: 5 entidades importadas correctamente
[2025-06-27 14:18:26.569] [INFO ] c.k.s.s.DatabaseInspectorServiceTest - üß™ Inicializando test para DatabaseInspectorService
[2025-06-27 14:18:26.570] [INFO ] c.k.s.s.DatabaseInspectorService - üîç Inicializando DatabaseInspectorService
[2025-06-27 14:18:26.570] [INFO ] c.k.s.s.DatabaseInspectorServiceTest - üìä Test: Verificar generaci√≥n de m√©tricas del dashboard
[2025-06-27 14:18:26.570] [INFO ] c.k.s.s.DatabaseInspectorService - üìä Generando m√©tricas para dashboard
[2025-06-27 14:18:26.570] [INFO ] c.k.s.s.DatabaseInspectorService - ‚úÖ M√©tricas generadas: 5 entidades, 1247 sesiones
[2025-06-27 14:18:26.570] [INFO ] c.k.s.s.DatabaseInspectorServiceTest - üìä M√©tricas generadas: DashboardMetrics{entidades=5, sesiones=1247, respuestas=5893, estrategias=12}
[2025-06-27 14:18:26.570] [INFO ] c.k.s.s.DatabaseInspectorServiceTest - ‚úÖ Test pasado: M√©tricas del dashboard generadas correctamente
[2025-06-27 14:18:26.573] [INFO ] c.k.s.s.DatabaseInspectorServiceTest - üß™ Inicializando test para DatabaseInspectorService
[2025-06-27 14:18:26.573] [INFO ] c.k.s.s.DatabaseInspectorService - üîç Inicializando DatabaseInspectorService
[2025-06-27 14:18:26.574] [INFO ] c.k.s.s.DatabaseInspectorServiceTest - üîß Test: Verificar validaci√≥n de entidades
[2025-06-27 14:18:26.574] [INFO ] c.k.s.s.DatabaseInspectorService - üîß Iniciando validaci√≥n de entidades JPA
[2025-06-27 14:18:26.574] [WARN ] c.k.s.s.DatabaseInspectorService -    ‚ö†Ô∏è Anotaci√≥n @Entity no encontrada en EstadoSesion
[2025-06-27 14:18:26.574] [INFO ] c.k.s.s.DatabaseInspectorService - ‚úÖ Validaci√≥n completada - Todas las entidades est√°n correctamente importadas
[2025-06-27 14:18:26.574] [INFO ] c.k.s.s.DatabaseInspectorServiceTest - ‚úÖ Test pasado: Validaci√≥n de entidades exitosa
[2025-06-27 14:18:26.577] [INFO ] c.k.s.s.DatabaseInspectorServiceTest - üß™ Inicializando test para DatabaseInspectorService
[2025-06-27 14:18:26.577] [INFO ] c.k.s.s.DatabaseInspectorService - üîç Inicializando DatabaseInspectorService
[2025-06-27 14:18:26.578] [INFO ] c.k.s.s.DatabaseInspectorServiceTest - üì¶ Test: Verificar paquetes de entidades de kursor-core
[2025-06-27 14:18:26.578] [INFO ] c.k.s.s.DatabaseInspectorServiceTest - ‚úÖ Test pasado: Todos los paquetes son correctos
[2025-06-27 14:18:26.580] [INFO ] c.k.s.s.DatabaseInspectorServiceTest - üß™ Inicializando test para DatabaseInspectorService
[2025-06-27 14:18:26.580] [INFO ] c.k.s.s.DatabaseInspectorService - üîç Inicializando DatabaseInspectorService
[2025-06-27 14:18:26.580] [INFO ] c.k.s.s.DatabaseInspectorServiceTest - üìã Test: Verificar entidades espec√≠ficas de kursor-core
[2025-06-27 14:18:26.581] [INFO ] c.k.s.s.DatabaseInspectorServiceTest - ‚úÖ Test pasado: Todas las entidades espec√≠ficas est√°n presentes
